# JRE version: OpenJDK Runtime Environment Temurin-17.0.8.1+1 (17.0.8.1+1) (build 17.0.8.1+1)
# Java VM: OpenJDK 64-Bit Server VM Temurin-17.0.8.1+1 (17.0.8.1+1, mixed mode, tiered, compressed oops, compressed class ptrs, parallel gc, windows-amd64)
GC Precious Log:
 CPUs: 8 total, 8 available
 Memory: 7946M
 Large Page Support: Disabled
 NUMA Support: Disabled
 Compressed Oops: Enabled (32-bit)
 Alignments: Space 512K, Generation 512K, Heap 2M
 Heap Min Capacity: 100M
 Heap Initial Capacity: 100M
 Heap Max Capacity: 1G
 Pre-touch: Disabled
 Parallel Workers: 8
Heap:
 PSYoungGen      total 11776K, used 4195K [0x00000000eab00000, 0x00000000eb780000, 0x0000000100000000)
  eden space 10752K, 32% used [0x00000000eab00000,0x00000000eae74d28,0x00000000eb580000)
  from space 1024K, 64% used [0x00000000eb580000,0x00000000eb624010,0x00000000eb680000)
  to   space 1024K, 0% used [0x00000000eb680000,0x00000000eb680000,0x00000000eb780000)
 ParOldGen       total 114688K, used 94206K [0x00000000c0000000, 0x00000000c7000000, 0x00000000eab00000)
  object space 114688K, 82% used [0x00000000c0000000,0x00000000c5bffba8,0x00000000c7000000)
 Metaspace       used 62739K, committed 63872K, reserved 1114112K
  class space    used 7215K, committed 7680K, reserved 1048576K
GC Heap History (20 events):
Event: 14.356 GC heap before
{Heap before GC invocations=51 (full 3):
 PSYoungGen      total 12800K, used 12778K [0x00000000eab00000, 0x00000000ebf00000, 0x0000000100000000)
  eden space 11264K, 100% used [0x00000000eab00000,0x00000000eb600000,0x00000000eb600000)
  from space 1536K, 98% used [0x00000000eba00000,0x00000000ebb7a810,0x00000000ebb80000)
  to   space 4096K, 0% used [0x00000000eb600000,0x00000000eb600000,0x00000000eba00000)
 ParOldGen       total 88576K, used 82711K [0x00000000c0000000, 0x00000000c5680000, 0x00000000eab00000)
  object space 88576K, 93% used [0x00000000c0000000,0x00000000c50c5cc8,0x00000000c5680000)
 Metaspace       used 61441K, committed 62464K, reserved 1114112K
  class space    used 7080K, committed 7552K, reserved 1048576K
}
Event: 14.358 GC heap after
{Heap after GC invocations=51 (full 3):
 PSYoungGen      total 12800K, used 1519K [0x00000000eab00000, 0x00000000ebb00000, 0x0000000100000000)
  eden space 11264K, 0% used [0x00000000eab00000,0x00000000eab00000,0x00000000eb600000)
  from space 1536K, 98% used [0x00000000eb600000,0x00000000eb77bf28,0x00000000eb780000)
  to   space 2560K, 0% used [0x00000000eb880000,0x00000000eb880000,0x00000000ebb00000)
 ParOldGen       total 88576K, used 84221K [0x00000000c0000000, 0x00000000c5680000, 0x00000000eab00000)
  object space 88576K, 95% used [0x00000000c0000000,0x00000000c523f7f8,0x00000000c5680000)
 Metaspace       used 61441K, committed 62464K, reserved 1114112K
  class space    used 7080K, committed 7552K, reserved 1048576K
}
Event: 14.408 GC heap before
{Heap before GC invocations=52 (full 3):
 PSYoungGen      total 12800K, used 12783K [0x00000000eab00000, 0x00000000ebb00000, 0x0000000100000000)
  eden space 11264K, 100% used [0x00000000eab00000,0x00000000eb600000,0x00000000eb600000)
  from space 1536K, 98% used [0x00000000eb600000,0x00000000eb77bf28,0x00000000eb780000)
  to   space 2560K, 0% used [0x00000000eb880000,0x00000000eb880000,0x00000000ebb00000)
 ParOldGen       total 88576K, used 84221K [0x00000000c0000000, 0x00000000c5680000, 0x00000000eab00000)
  object space 88576K, 95% used [0x00000000c0000000,0x00000000c523f7f8,0x00000000c5680000)
 Metaspace       used 61442K, committed 62464K, reserved 1114112K
  class space    used 7080K, committed 7552K, reserved 1048576K
}
Event: 14.409 GC heap after
{Heap after GC invocations=52 (full 3):
 PSYoungGen      total 12800K, used 1447K [0x00000000eab00000, 0x00000000eba00000, 0x0000000100000000)
  eden space 11264K, 0% used [0x00000000eab00000,0x00000000eab00000,0x00000000eb600000)
  from space 1536K, 94% used [0x00000000eb880000,0x00000000eb9e9df0,0x00000000eba00000)
  to   space 2048K, 0% used [0x00000000eb600000,0x00000000eb600000,0x00000000eb800000)
 ParOldGen       total 88576K, used 85608K [0x00000000c0000000, 0x00000000c5680000, 0x00000000eab00000)
  object space 88576K, 96% used [0x00000000c0000000,0x00000000c539a298,0x00000000c5680000)
 Metaspace       used 61442K, committed 62464K, reserved 1114112K
  class space    used 7080K, committed 7552K, reserved 1048576K
}
Event: 14.459 GC heap before
{Heap before GC invocations=53 (full 3):
 PSYoungGen      total 12800K, used 12711K [0x00000000eab00000, 0x00000000eba00000, 0x0000000100000000)
  eden space 11264K, 100% used [0x00000000eab00000,0x00000000eb600000,0x00000000eb600000)
  from space 1536K, 94% used [0x00000000eb880000,0x00000000eb9e9df0,0x00000000eba00000)
  to   space 2048K, 0% used [0x00000000eb600000,0x00000000eb600000,0x00000000eb800000)
 ParOldGen       total 88576K, used 85608K [0x00000000c0000000, 0x00000000c5680000, 0x00000000eab00000)
  object space 88576K, 96% used [0x00000000c0000000,0x00000000c539a298,0x00000000c5680000)
 Metaspace       used 61442K, committed 62464K, reserved 1114112K
  class space    used 7080K, committed 7552K, reserved 1048576K
}
Event: 14.461 GC heap after
{Heap after GC invocations=53 (full 3):
 PSYoungGen      total 12800K, used 1467K [0x00000000eab00000, 0x00000000eb900000, 0x0000000100000000)
  eden space 11264K, 0% used [0x00000000eab00000,0x00000000eab00000,0x00000000eb600000)
  from space 1536K, 95% used [0x00000000eb600000,0x00000000eb76ee40,0x00000000eb780000)
  to   space 1536K, 0% used [0x00000000eb780000,0x00000000eb780000,0x00000000eb900000)
 ParOldGen       total 88576K, used 86962K [0x00000000c0000000, 0x00000000c5680000, 0x00000000eab00000)
  object space 88576K, 98% used [0x00000000c0000000,0x00000000c54ecbc8,0x00000000c5680000)
 Metaspace       used 61442K, committed 62464K, reserved 1114112K
  class space    used 7080K, committed 7552K, reserved 1048576K
}
Event: 14.508 GC heap before
{Heap before GC invocations=54 (full 3):
 PSYoungGen      total 12800K, used 12731K [0x00000000eab00000, 0x00000000eb900000, 0x0000000100000000)
  eden space 11264K, 100% used [0x00000000eab00000,0x00000000eb600000,0x00000000eb600000)
  from space 1536K, 95% used [0x00000000eb600000,0x00000000eb76ee40,0x00000000eb780000)
  to   space 1536K, 0% used [0x00000000eb780000,0x00000000eb780000,0x00000000eb900000)
 ParOldGen       total 88576K, used 86962K [0x00000000c0000000, 0x00000000c5680000, 0x00000000eab00000)
  object space 88576K, 98% used [0x00000000c0000000,0x00000000c54ecbc8,0x00000000c5680000)
 Metaspace       used 61442K, committed 62464K, reserved 1114112K
  class space    used 7080K, committed 7552K, reserved 1048576K
}
Event: 14.510 GC heap after
{Heap after GC invocations=54 (full 3):
 PSYoungGen      total 12800K, used 1407K [0x00000000eab00000, 0x00000000eb900000, 0x0000000100000000)
  eden space 11264K, 0% used [0x00000000eab00000,0x00000000eab00000,0x00000000eb600000)
  from space 1536K, 91% used [0x00000000eb780000,0x00000000eb8dfe10,0x00000000eb900000)
  to   space 1536K, 0% used [0x00000000eb600000,0x00000000eb600000,0x00000000eb780000)
 ParOldGen       total 89088K, used 88598K [0x00000000c0000000, 0x00000000c5700000, 0x00000000eab00000)
  object space 89088K, 99% used [0x00000000c0000000,0x00000000c56859c8,0x00000000c5700000)
 Metaspace       used 61442K, committed 62464K, reserved 1114112K
  class space    used 7080K, committed 7552K, reserved 1048576K
}
Event: 14.510 GC heap before
{Heap before GC invocations=55 (full 4):
 PSYoungGen      total 12800K, used 1407K [0x00000000eab00000, 0x00000000eb900000, 0x0000000100000000)
  eden space 11264K, 0% used [0x00000000eab00000,0x00000000eab00000,0x00000000eb600000)
  from space 1536K, 91% used [0x00000000eb780000,0x00000000eb8dfe10,0x00000000eb900000)
  to   space 1536K, 0% used [0x00000000eb600000,0x00000000eb600000,0x00000000eb780000)
 ParOldGen       total 89088K, used 88598K [0x00000000c0000000, 0x00000000c5700000, 0x00000000eab00000)
  object space 89088K, 99% used [0x00000000c0000000,0x00000000c56859c8,0x00000000c5700000)
 Metaspace       used 61442K, committed 62464K, reserved 1114112K
  class space    used 7080K, committed 7552K, reserved 1048576K
}
Event: 14.563 GC heap after
{Heap after GC invocations=55 (full 4):
 PSYoungGen      total 12800K, used 0K [0x00000000eab00000, 0x00000000eb900000, 0x0000000100000000)
  eden space 11264K, 0% used [0x00000000eab00000,0x00000000eab00000,0x00000000eb600000)
  from space 1536K, 0% used [0x00000000eb600000,0x00000000eb600000,0x00000000eb780000)
  to   space 1536K, 0% used [0x00000000eb780000,0x00000000eb780000,0x00000000eb900000)
 ParOldGen       total 114688K, used 88059K [0x00000000c0000000, 0x00000000c7000000, 0x00000000eab00000)
  object space 114688K, 76% used [0x00000000c0000000,0x00000000c55fed08,0x00000000c7000000)
 Metaspace       used 61442K, committed 62464K, reserved 1114112K
  class space    used 7080K, committed 7552K, reserved 1048576K
}
Event: 14.650 GC heap before
{Heap before GC invocations=56 (full 4):
 PSYoungGen      total 12800K, used 11264K [0x00000000eab00000, 0x00000000eb900000, 0x0000000100000000)
  eden space 11264K, 100% used [0x00000000eab00000,0x00000000eb600000,0x00000000eb600000)
  from space 1536K, 0% used [0x00000000eb600000,0x00000000eb600000,0x00000000eb780000)
  to   space 1536K, 0% used [0x00000000eb780000,0x00000000eb780000,0x00000000eb900000)
 ParOldGen       total 114688K, used 88059K [0x00000000c0000000, 0x00000000c7000000, 0x00000000eab00000)
  object space 114688K, 76% used [0x00000000c0000000,0x00000000c55fed08,0x00000000c7000000)
 Metaspace       used 61626K, committed 62656K, reserved 1114112K
  class space    used 7100K, committed 7552K, reserved 1048576K
}
Event: 14.653 GC heap after
{Heap after GC invocations=56 (full 4):
 PSYoungGen      total 12288K, used 1535K [0x00000000eab00000, 0x00000000eba00000, 0x0000000100000000)
  eden space 10752K, 0% used [0x00000000eab00000,0x00000000eab00000,0x00000000eb580000)
  from space 1536K, 99% used [0x00000000eb780000,0x00000000eb8ffea8,0x00000000eb900000)
  to   space 2048K, 0% used [0x00000000eb580000,0x00000000eb580000,0x00000000eb780000)
 ParOldGen       total 114688K, used 88420K [0x00000000c0000000, 0x00000000c7000000, 0x00000000eab00000)
  object space 114688K, 77% used [0x00000000c0000000,0x00000000c5659040,0x00000000c7000000)
 Metaspace       used 61626K, committed 62656K, reserved 1114112K
  class space    used 7100K, committed 7552K, reserved 1048576K
}
Event: 14.695 GC heap before
{Heap before GC invocations=57 (full 4):
 PSYoungGen      total 12288K, used 12287K [0x00000000eab00000, 0x00000000eba00000, 0x0000000100000000)
  eden space 10752K, 99% used [0x00000000eab00000,0x00000000eb57ffe0,0x00000000eb580000)
  from space 1536K, 99% used [0x00000000eb780000,0x00000000eb8ffea8,0x00000000eb900000)
  to   space 2048K, 0% used [0x00000000eb580000,0x00000000eb580000,0x00000000eb780000)
 ParOldGen       total 114688K, used 88420K [0x00000000c0000000, 0x00000000c7000000, 0x00000000eab00000)
  object space 114688K, 77% used [0x00000000c0000000,0x00000000c5659040,0x00000000c7000000)
 Metaspace       used 61799K, committed 62784K, reserved 1114112K
  class space    used 7115K, committed 7552K, reserved 1048576K
}
Event: 14.697 GC heap after
{Heap after GC invocations=57 (full 4):
 PSYoungGen      total 11776K, used 951K [0x00000000eab00000, 0x00000000eb880000, 0x0000000100000000)
  eden space 10752K, 0% used [0x00000000eab00000,0x00000000eab00000,0x00000000eb580000)
  from space 1024K, 92% used [0x00000000eb580000,0x00000000eb66dfc8,0x00000000eb680000)
  to   space 1536K, 0% used [0x00000000eb700000,0x00000000eb700000,0x00000000eb880000)
 ParOldGen       total 114688K, used 89908K [0x00000000c0000000, 0x00000000c7000000, 0x00000000eab00000)
  object space 114688K, 78% used [0x00000000c0000000,0x00000000c57cd170,0x00000000c7000000)
 Metaspace       used 61799K, committed 62784K, reserved 1114112K
  class space    used 7115K, committed 7552K, reserved 1048576K
}
Event: 14.721 GC heap before
{Heap before GC invocations=58 (full 4):
 PSYoungGen      total 11776K, used 11703K [0x00000000eab00000, 0x00000000eb880000, 0x0000000100000000)
  eden space 10752K, 100% used [0x00000000eab00000,0x00000000eb580000,0x00000000eb580000)
  from space 1024K, 92% used [0x00000000eb580000,0x00000000eb66dfc8,0x00000000eb680000)
  to   space 1536K, 0% used [0x00000000eb700000,0x00000000eb700000,0x00000000eb880000)
 ParOldGen       total 114688K, used 89910K [0x00000000c0000000, 0x00000000c7000000, 0x00000000eab00000)
  object space 114688K, 78% used [0x00000000c0000000,0x00000000c57cd9c0,0x00000000c7000000)
 Metaspace       used 61891K, committed 62976K, reserved 1114112K
  class space    used 7129K, committed 7552K, reserved 1048576K
}
Event: 14.723 GC heap after
{Heap after GC invocations=58 (full 4):
 PSYoungGen      total 12288K, used 1095K [0x00000000eab00000, 0x00000000eb880000, 0x0000000100000000)
  eden space 10752K, 0% used [0x00000000eab00000,0x00000000eab00000,0x00000000eb580000)
  from space 1536K, 71% used [0x00000000eb700000,0x00000000eb811ec0,0x00000000eb880000)
  to   space 1536K, 0% used [0x00000000eb580000,0x00000000eb580000,0x00000000eb700000)
 ParOldGen       total 114688K, used 90634K [0x00000000c0000000, 0x00000000c7000000, 0x00000000eab00000)
  object space 114688K, 79% used [0x00000000c0000000,0x00000000c5882bb8,0x00000000c7000000)
 Metaspace       used 61891K, committed 62976K, reserved 1114112K
  class space    used 7129K, committed 7552K, reserved 1048576K
}
Event: 14.751 GC heap before
{Heap before GC invocations=59 (full 4):
 PSYoungGen      total 12288K, used 11847K [0x00000000eab00000, 0x00000000eb880000, 0x0000000100000000)
  eden space 10752K, 100% used [0x00000000eab00000,0x00000000eb580000,0x00000000eb580000)
  from space 1536K, 71% used [0x00000000eb700000,0x00000000eb811ec0,0x00000000eb880000)
  to   space 1536K, 0% used [0x00000000eb580000,0x00000000eb580000,0x00000000eb700000)
 ParOldGen       total 114688K, used 90634K [0x00000000c0000000, 0x00000000c7000000, 0x00000000eab00000)
  object space 114688K, 79% used [0x00000000c0000000,0x00000000c5882bb8,0x00000000c7000000)
 Metaspace       used 62050K, committed 63104K, reserved 1114112K
  class space    used 7144K, committed 7552K, reserved 1048576K
}
Event: 14.753 GC heap after
{Heap after GC invocations=59 (full 4):
 PSYoungGen      total 12288K, used 1418K [0x00000000eab00000, 0x00000000eb880000, 0x0000000100000000)
  eden space 10752K, 0% used [0x00000000eab00000,0x00000000eab00000,0x00000000eb580000)
  from space 1536K, 92% used [0x00000000eb580000,0x00000000eb6e29a0,0x00000000eb700000)
  to   space 1536K, 0% used [0x00000000eb700000,0x00000000eb700000,0x00000000eb880000)
 ParOldGen       total 114688K, used 91489K [0x00000000c0000000, 0x00000000c7000000, 0x00000000eab00000)
  object space 114688K, 79% used [0x00000000c0000000,0x00000000c59586c8,0x00000000c7000000)
 Metaspace       used 62050K, committed 63104K, reserved 1114112K
  class space    used 7144K, committed 7552K, reserved 1048576K
}
Event: 14.896 GC heap before
{Heap before GC invocations=60 (full 4):
 PSYoungGen      total 12288K, used 12170K [0x00000000eab00000, 0x00000000eb880000, 0x0000000100000000)
  eden space 10752K, 100% used [0x00000000eab00000,0x00000000eb580000,0x00000000eb580000)
  from space 1536K, 92% used [0x00000000eb580000,0x00000000eb6e29a0,0x00000000eb700000)
  to   space 1536K, 0% used [0x00000000eb700000,0x00000000eb700000,0x00000000eb880000)
 ParOldGen       total 114688K, used 91489K [0x00000000c0000000, 0x00000000c7000000, 0x00000000eab00000)
  object space 114688K, 79% used [0x00000000c0000000,0x00000000c59586c8,0x00000000c7000000)
 Metaspace       used 62734K, committed 63872K, reserved 1114112K
  class space    used 7214K, committed 7680K, reserved 1048576K
}
Event: 14.901 GC heap after
{Heap after GC invocations=60 (full 4):
 PSYoungGen      total 12288K, used 1483K [0x00000000eab00000, 0x00000000eb880000, 0x0000000100000000)
  eden space 10752K, 0% used [0x00000000eab00000,0x00000000eab00000,0x00000000eb580000)
  from space 1536K, 96% used [0x00000000eb700000,0x00000000eb872cb0,0x00000000eb880000)
  to   space 1536K, 0% used [0x00000000eb580000,0x00000000eb580000,0x00000000eb700000)
 ParOldGen       total 114688K, used 92832K [0x00000000c0000000, 0x00000000c7000000, 0x00000000eab00000)
  object space 114688K, 80% used [0x00000000c0000000,0x00000000c5aa8060,0x00000000c7000000)
 Metaspace       used 62734K, committed 63872K, reserved 1114112K
  class space    used 7214K, committed 7680K, reserved 1048576K
}

