# JRE version: OpenJDK Runtime Environment Temurin-17.0.9+9 (17.0.9+9) (build 17.0.9+9)
# Java VM: OpenJDK 64-Bit Server VM Temurin-17.0.9+9 (17.0.9+9, mixed mode, tiered, compressed oops, compressed class ptrs, parallel gc, windows-amd64)
GC Precious Log:
 CPUs: 8 total, 8 available
 Memory: 7946M
 Large Page Support: Disabled
 NUMA Support: Disabled
 Compressed Oops: Enabled (32-bit)
 Alignments: Space 512K, Generation 512K, Heap 2M
 Heap Min Capacity: 100M
 Heap Initial Capacity: 100M
 Heap Max Capacity: 1G
 Pre-touch: Disabled
 Parallel Workers: 8
Heap:
 PSYoungGen      total 10752K, used 8704K [0x00000000eab00000, 0x00000000eb800000, 0x0000000100000000)
  eden space 8704K, 100% used [0x00000000eab00000,0x00000000eb380000,0x00000000eb380000)
  from space 2048K, 0% used [0x00000000eb580000,0x00000000eb580000,0x00000000eb780000)
  to   space 2048K, 0% used [0x00000000eb380000,0x00000000eb380000,0x00000000eb580000)
 ParOldGen       total 68608K, used 68522K [0x00000000c0000000, 0x00000000c4300000, 0x00000000eab00000)
  object space 68608K, 99% used [0x00000000c0000000,0x00000000c42ea978,0x00000000c4300000)
 Metaspace       used 60910K, committed 61952K, reserved 1114112K
  class space    used 6994K, committed 7488K, reserved 1048576K
GC Heap History (20 events):
Event: 15.668 GC heap before
{Heap before GC invocations=45 (full 3):
 PSYoungGen      total 12288K, used 11552K [0x00000000eab00000, 0x00000000eb900000, 0x0000000100000000)
  eden space 9728K, 100% used [0x00000000eab00000,0x00000000eb480000,0x00000000eb480000)
  from space 2560K, 71% used [0x00000000eb480000,0x00000000eb648000,0x00000000eb700000)
  to   space 2048K, 0% used [0x00000000eb700000,0x00000000eb700000,0x00000000eb900000)
 ParOldGen       total 68608K, used 57249K [0x00000000c0000000, 0x00000000c4300000, 0x00000000eab00000)
  object space 68608K, 83% used [0x00000000c0000000,0x00000000c37e8678,0x00000000c4300000)
 Metaspace       used 60891K, committed 61952K, reserved 1114112K
  class space    used 6993K, committed 7488K, reserved 1048576K
}
Event: 15.670 GC heap after
{Heap after GC invocations=45 (full 3):
 PSYoungGen      total 11776K, used 1653K [0x00000000eab00000, 0x00000000eb900000, 0x0000000100000000)
  eden space 9728K, 0% used [0x00000000eab00000,0x00000000eab00000,0x00000000eb480000)
  from space 2048K, 80% used [0x00000000eb700000,0x00000000eb89d688,0x00000000eb900000)
  to   space 2048K, 0% used [0x00000000eb500000,0x00000000eb500000,0x00000000eb700000)
 ParOldGen       total 68608K, used 58922K [0x00000000c0000000, 0x00000000c4300000, 0x00000000eab00000)
  object space 68608K, 85% used [0x00000000c0000000,0x00000000c398a900,0x00000000c4300000)
 Metaspace       used 60891K, committed 61952K, reserved 1114112K
  class space    used 6993K, committed 7488K, reserved 1048576K
}
Event: 15.832 GC heap before
{Heap before GC invocations=46 (full 3):
 PSYoungGen      total 11776K, used 11381K [0x00000000eab00000, 0x00000000eb900000, 0x0000000100000000)
  eden space 9728K, 100% used [0x00000000eab00000,0x00000000eb480000,0x00000000eb480000)
  from space 2048K, 80% used [0x00000000eb700000,0x00000000eb89d688,0x00000000eb900000)
  to   space 2048K, 0% used [0x00000000eb500000,0x00000000eb500000,0x00000000eb700000)
 ParOldGen       total 68608K, used 58922K [0x00000000c0000000, 0x00000000c4300000, 0x00000000eab00000)
  object space 68608K, 85% used [0x00000000c0000000,0x00000000c398a900,0x00000000c4300000)
 Metaspace       used 60891K, committed 61952K, reserved 1114112K
  class space    used 6993K, committed 7488K, reserved 1048576K
}
Event: 15.834 GC heap after
{Heap after GC invocations=46 (full 3):
 PSYoungGen      total 11776K, used 1999K [0x00000000eab00000, 0x00000000eb980000, 0x0000000100000000)
  eden space 9728K, 0% used [0x00000000eab00000,0x00000000eab00000,0x00000000eb480000)
  from space 2048K, 97% used [0x00000000eb500000,0x00000000eb6f3c80,0x00000000eb700000)
  to   space 2560K, 0% used [0x00000000eb700000,0x00000000eb700000,0x00000000eb980000)
 ParOldGen       total 68608K, used 60469K [0x00000000c0000000, 0x00000000c4300000, 0x00000000eab00000)
  object space 68608K, 88% used [0x00000000c0000000,0x00000000c3b0d520,0x00000000c4300000)
 Metaspace       used 60891K, committed 61952K, reserved 1114112K
  class space    used 6993K, committed 7488K, reserved 1048576K
}
Event: 15.949 GC heap before
{Heap before GC invocations=47 (full 3):
 PSYoungGen      total 11776K, used 11727K [0x00000000eab00000, 0x00000000eb980000, 0x0000000100000000)
  eden space 9728K, 100% used [0x00000000eab00000,0x00000000eb480000,0x00000000eb480000)
  from space 2048K, 97% used [0x00000000eb500000,0x00000000eb6f3c80,0x00000000eb700000)
  to   space 2560K, 0% used [0x00000000eb700000,0x00000000eb700000,0x00000000eb980000)
 ParOldGen       total 68608K, used 60469K [0x00000000c0000000, 0x00000000c4300000, 0x00000000eab00000)
  object space 68608K, 88% used [0x00000000c0000000,0x00000000c3b0d520,0x00000000c4300000)
 Metaspace       used 60891K, committed 61952K, reserved 1114112K
  class space    used 6993K, committed 7488K, reserved 1048576K
}
Event: 15.951 GC heap after
{Heap after GC invocations=47 (full 3):
 PSYoungGen      total 11776K, used 1984K [0x00000000eab00000, 0x00000000eb900000, 0x0000000100000000)
  eden space 9728K, 0% used [0x00000000eab00000,0x00000000eab00000,0x00000000eb480000)
  from space 2048K, 96% used [0x00000000eb700000,0x00000000eb8f01f8,0x00000000eb900000)
  to   space 2048K, 0% used [0x00000000eb500000,0x00000000eb500000,0x00000000eb700000)
 ParOldGen       total 68608K, used 62311K [0x00000000c0000000, 0x00000000c4300000, 0x00000000eab00000)
  object space 68608K, 90% used [0x00000000c0000000,0x00000000c3cd9c68,0x00000000c4300000)
 Metaspace       used 60891K, committed 61952K, reserved 1114112K
  class space    used 6993K, committed 7488K, reserved 1048576K
}
Event: 16.161 GC heap before
{Heap before GC invocations=48 (full 3):
 PSYoungGen      total 11776K, used 11712K [0x00000000eab00000, 0x00000000eb900000, 0x0000000100000000)
  eden space 9728K, 100% used [0x00000000eab00000,0x00000000eb480000,0x00000000eb480000)
  from space 2048K, 96% used [0x00000000eb700000,0x00000000eb8f01f8,0x00000000eb900000)
  to   space 2048K, 0% used [0x00000000eb500000,0x00000000eb500000,0x00000000eb700000)
 ParOldGen       total 68608K, used 62311K [0x00000000c0000000, 0x00000000c4300000, 0x00000000eab00000)
  object space 68608K, 90% used [0x00000000c0000000,0x00000000c3cd9c68,0x00000000c4300000)
 Metaspace       used 60891K, committed 61952K, reserved 1114112K
  class space    used 6993K, committed 7488K, reserved 1048576K
}
Event: 16.163 GC heap after
{Heap after GC invocations=48 (full 3):
 PSYoungGen      total 11776K, used 1540K [0x00000000eab00000, 0x00000000eb880000, 0x0000000100000000)
  eden space 9728K, 0% used [0x00000000eab00000,0x00000000eab00000,0x00000000eb480000)
  from space 2048K, 75% used [0x00000000eb500000,0x00000000eb6811a8,0x00000000eb700000)
  to   space 1536K, 0% used [0x00000000eb700000,0x00000000eb700000,0x00000000eb880000)
 ParOldGen       total 68608K, used 64158K [0x00000000c0000000, 0x00000000c4300000, 0x00000000eab00000)
  object space 68608K, 93% used [0x00000000c0000000,0x00000000c3ea7b38,0x00000000c4300000)
 Metaspace       used 60891K, committed 61952K, reserved 1114112K
  class space    used 6993K, committed 7488K, reserved 1048576K
}
Event: 16.334 GC heap before
{Heap before GC invocations=49 (full 3):
 PSYoungGen      total 11776K, used 11268K [0x00000000eab00000, 0x00000000eb880000, 0x0000000100000000)
  eden space 9728K, 100% used [0x00000000eab00000,0x00000000eb480000,0x00000000eb480000)
  from space 2048K, 75% used [0x00000000eb500000,0x00000000eb6811a8,0x00000000eb700000)
  to   space 1536K, 0% used [0x00000000eb700000,0x00000000eb700000,0x00000000eb880000)
 ParOldGen       total 68608K, used 64158K [0x00000000c0000000, 0x00000000c4300000, 0x00000000eab00000)
  object space 68608K, 93% used [0x00000000c0000000,0x00000000c3ea7b38,0x00000000c4300000)
 Metaspace       used 60892K, committed 61952K, reserved 1114112K
  class space    used 6993K, committed 7488K, reserved 1048576K
}
Event: 16.336 GC heap after
{Heap after GC invocations=49 (full 3):
 PSYoungGen      total 10240K, used 1521K [0x00000000eab00000, 0x00000000ebb80000, 0x0000000100000000)
  eden space 8704K, 0% used [0x00000000eab00000,0x00000000eab00000,0x00000000eb380000)
  from space 1536K, 99% used [0x00000000eb700000,0x00000000eb87c5e0,0x00000000eb880000)
  to   space 3584K, 0% used [0x00000000eb380000,0x00000000eb380000,0x00000000eb700000)
 ParOldGen       total 68608K, used 65593K [0x00000000c0000000, 0x00000000c4300000, 0x00000000eab00000)
  object space 68608K, 95% used [0x00000000c0000000,0x00000000c400e7b8,0x00000000c4300000)
 Metaspace       used 60892K, committed 61952K, reserved 1114112K
  class space    used 6993K, committed 7488K, reserved 1048576K
}
Event: 16.520 GC heap before
{Heap before GC invocations=50 (full 3):
 PSYoungGen      total 10240K, used 10225K [0x00000000eab00000, 0x00000000ebb80000, 0x0000000100000000)
  eden space 8704K, 100% used [0x00000000eab00000,0x00000000eb380000,0x00000000eb380000)
  from space 1536K, 99% used [0x00000000eb700000,0x00000000eb87c5e0,0x00000000eb880000)
  to   space 3584K, 0% used [0x00000000eb380000,0x00000000eb380000,0x00000000eb700000)
 ParOldGen       total 68608K, used 65593K [0x00000000c0000000, 0x00000000c4300000, 0x00000000eab00000)
  object space 68608K, 95% used [0x00000000c0000000,0x00000000c400e7b8,0x00000000c4300000)
 Metaspace       used 60902K, committed 61952K, reserved 1114112K
  class space    used 6994K, committed 7488K, reserved 1048576K
}
Event: 16.522 GC heap after
{Heap after GC invocations=50 (full 3):
 PSYoungGen      total 10240K, used 1366K [0x00000000eab00000, 0x00000000eb780000, 0x0000000100000000)
  eden space 8704K, 0% used [0x00000000eab00000,0x00000000eab00000,0x00000000eb380000)
  from space 1536K, 88% used [0x00000000eb380000,0x00000000eb4d58a0,0x00000000eb500000)
  to   space 2048K, 0% used [0x00000000eb580000,0x00000000eb580000,0x00000000eb780000)
 ParOldGen       total 68608K, used 67085K [0x00000000c0000000, 0x00000000c4300000, 0x00000000eab00000)
  object space 68608K, 97% used [0x00000000c0000000,0x00000000c4183600,0x00000000c4300000)
 Metaspace       used 60902K, committed 61952K, reserved 1114112K
  class space    used 6994K, committed 7488K, reserved 1048576K
}
Event: 16.697 GC heap before
{Heap before GC invocations=51 (full 3):
 PSYoungGen      total 10240K, used 10070K [0x00000000eab00000, 0x00000000eb780000, 0x0000000100000000)
  eden space 8704K, 100% used [0x00000000eab00000,0x00000000eb380000,0x00000000eb380000)
  from space 1536K, 88% used [0x00000000eb380000,0x00000000eb4d58a0,0x00000000eb500000)
  to   space 2048K, 0% used [0x00000000eb580000,0x00000000eb580000,0x00000000eb780000)
 ParOldGen       total 68608K, used 67085K [0x00000000c0000000, 0x00000000c4300000, 0x00000000eab00000)
  object space 68608K, 97% used [0x00000000c0000000,0x00000000c4183600,0x00000000c4300000)
 Metaspace       used 60902K, committed 61952K, reserved 1114112K
  class space    used 6994K, committed 7488K, reserved 1048576K
}
Event: 16.699 GC heap after
{Heap after GC invocations=51 (full 3):
 PSYoungGen      total 10752K, used 1568K [0x00000000eab00000, 0x00000000eb780000, 0x0000000100000000)
  eden space 8704K, 0% used [0x00000000eab00000,0x00000000eab00000,0x00000000eb380000)
  from space 2048K, 76% used [0x00000000eb580000,0x00000000eb7080b8,0x00000000eb780000)
  to   space 2048K, 0% used [0x00000000eb380000,0x00000000eb380000,0x00000000eb580000)
 ParOldGen       total 68608K, used 68396K [0x00000000c0000000, 0x00000000c4300000, 0x00000000eab00000)
  object space 68608K, 99% used [0x00000000c0000000,0x00000000c42cb018,0x00000000c4300000)
 Metaspace       used 60902K, committed 61952K, reserved 1114112K
  class space    used 6994K, committed 7488K, reserved 1048576K
}
Event: 16.699 GC heap before
{Heap before GC invocations=52 (full 4):
 PSYoungGen      total 10752K, used 1568K [0x00000000eab00000, 0x00000000eb780000, 0x0000000100000000)
  eden space 8704K, 0% used [0x00000000eab00000,0x00000000eab00000,0x00000000eb380000)
  from space 2048K, 76% used [0x00000000eb580000,0x00000000eb7080b8,0x00000000eb780000)
  to   space 2048K, 0% used [0x00000000eb380000,0x00000000eb380000,0x00000000eb580000)
 ParOldGen       total 68608K, used 68396K [0x00000000c0000000, 0x00000000c4300000, 0x00000000eab00000)
  object space 68608K, 99% used [0x00000000c0000000,0x00000000c42cb018,0x00000000c4300000)
 Metaspace       used 60902K, committed 61952K, reserved 1114112K
  class space    used 6994K, committed 7488K, reserved 1048576K
}
Event: 16.778 GC heap after
{Heap after GC invocations=52 (full 4):
 PSYoungGen      total 10752K, used 412K [0x00000000eab00000, 0x00000000eb780000, 0x0000000100000000)
  eden space 8704K, 0% used [0x00000000eab00000,0x00000000eab00000,0x00000000eb380000)
  from space 2048K, 20% used [0x00000000eb580000,0x00000000eb5e7208,0x00000000eb780000)
  to   space 2048K, 0% used [0x00000000eb380000,0x00000000eb380000,0x00000000eb580000)
 ParOldGen       total 68608K, used 68295K [0x00000000c0000000, 0x00000000c4300000, 0x00000000eab00000)
  object space 68608K, 99% used [0x00000000c0000000,0x00000000c42b1c30,0x00000000c4300000)
 Metaspace       used 60902K, committed 61952K, reserved 1114112K
  class space    used 6994K, committed 7488K, reserved 1048576K
}
Event: 16.854 GC heap before
{Heap before GC invocations=53 (full 5):
 PSYoungGen      total 10752K, used 9116K [0x00000000eab00000, 0x00000000eb780000, 0x0000000100000000)
  eden space 8704K, 100% used [0x00000000eab00000,0x00000000eb380000,0x00000000eb380000)
  from space 2048K, 20% used [0x00000000eb580000,0x00000000eb5e7208,0x00000000eb780000)
  to   space 2048K, 0% used [0x00000000eb380000,0x00000000eb380000,0x00000000eb580000)
 ParOldGen       total 68608K, used 68295K [0x00000000c0000000, 0x00000000c4300000, 0x00000000eab00000)
  object space 68608K, 99% used [0x00000000c0000000,0x00000000c42b1c30,0x00000000c4300000)
 Metaspace       used 60906K, committed 61952K, reserved 1114112K
  class space    used 6994K, committed 7488K, reserved 1048576K
}
Event: 16.908 GC heap after
{Heap after GC invocations=53 (full 5):
 PSYoungGen      total 10752K, used 1708K [0x00000000eab00000, 0x00000000eb800000, 0x0000000100000000)
  eden space 8704K, 19% used [0x00000000eab00000,0x00000000eacab038,0x00000000eb380000)
  from space 2048K, 0% used [0x00000000eb380000,0x00000000eb380000,0x00000000eb580000)
  to   space 2048K, 0% used [0x00000000eb580000,0x00000000eb580000,0x00000000eb780000)
 ParOldGen       total 68608K, used 68523K [0x00000000c0000000, 0x00000000c4300000, 0x00000000eab00000)
  object space 68608K, 99% used [0x00000000c0000000,0x00000000c42eace8,0x00000000c4300000)
 Metaspace       used 60906K, committed 61952K, reserved 1114112K
  class space    used 6994K, committed 7488K, reserved 1048576K
}
Event: 16.990 GC heap before
{Heap before GC invocations=54 (full 6):
 PSYoungGen      total 10752K, used 8704K [0x00000000eab00000, 0x00000000eb800000, 0x0000000100000000)
  eden space 8704K, 100% used [0x00000000eab00000,0x00000000eb380000,0x00000000eb380000)
  from space 2048K, 0% used [0x00000000eb380000,0x00000000eb380000,0x00000000eb580000)
  to   space 2048K, 0% used [0x00000000eb580000,0x00000000eb580000,0x00000000eb780000)
 ParOldGen       total 68608K, used 68523K [0x00000000c0000000, 0x00000000c4300000, 0x00000000eab00000)
  object space 68608K, 99% used [0x00000000c0000000,0x00000000c42eace8,0x00000000c4300000)
 Metaspace       used 60906K, committed 61952K, reserved 1114112K
  class space    used 6994K, committed 7488K, reserved 1048576K
}
Event: 17.042 GC heap after
{Heap after GC invocations=54 (full 6):
 PSYoungGen      total 10752K, used 2964K [0x00000000eab00000, 0x00000000eb800000, 0x0000000100000000)
  eden space 8704K, 34% used [0x00000000eab00000,0x00000000eade52b0,0x00000000eb380000)
  from space 2048K, 0% used [0x00000000eb580000,0x00000000eb580000,0x00000000eb780000)
  to   space 2048K, 0% used [0x00000000eb380000,0x00000000eb380000,0x00000000eb580000)
 ParOldGen       total 68608K, used 68522K [0x00000000c0000000, 0x00000000c4300000, 0x00000000eab00000)
  object space 68608K, 99% used [0x00000000c0000000,0x00000000c42ea978,0x00000000c4300000)
 Metaspace       used 60906K, committed 61952K, reserved 1114112K
  class space    used 6994K, committed 7488K, reserved 1048576K
}

